<?xml version="1.0" encoding="UTF-8"?>
<testsuite name="Verify the rates charged to customers" tests="1" skipped="0" failures="0" errors="0" timestamp="2020-12-07T04:00:07" hostname="LAPTOP-1CD7F95K" time="34.122">
  <properties/>
  <testcase name="Search for the hotels with the cheapest rate" classname="Verify the rates charged to customers" time="34.122"/>
  <system-out><![CDATA[119
]]></system-out>
  <system-err><![CDATA[dic 06, 2020 11:00:07 PM org.openqa.selenium.remote.DesiredCapabilities chrome
INFORMACIÓN: Using `new ChromeOptions()` is preferred to `DesiredCapabilities.chrome()`
Starting ChromeDriver 87.0.4280.20 (c99e81631faa0b2a448e658c0dbd8311fb04ddbd-refs/branch-heads/4280@{#355}) on port 20261
Only local connections are allowed.
Please see https://chromedriver.chromium.org/security-considerations for suggestions on keeping ChromeDriver safe.
ChromeDriver was started successfully.
dic 06, 2020 11:00:13 PM org.openqa.selenium.remote.ProtocolHandshake createSession
INFORMACIÓN: Detected dialect: W3C
]]></system-err>
</testsuite>
